  P03-421039953.cpp
C:\Users\axel2\OneDrive - Facultad de Ingeniería UNAM\8 - Octavo Semestre\Computacion Grafica\Lab\Practicas\P3\P3\Window.h(12,36): warning C4244: 'return': conversión de 'GLint' a 'GLfloat'; posible pérdida de datos
  (compilando archivo de origen "P03-421039953.cpp")
  
C:\Users\axel2\OneDrive - Facultad de Ingeniería UNAM\8 - Octavo Semestre\Computacion Grafica\Lab\Practicas\P3\P3\Window.h(13,37): warning C4244: 'return': conversión de 'GLint' a 'GLfloat'; posible pérdida de datos
  (compilando archivo de origen "P03-421039953.cpp")
  
C:\Users\axel2\OneDrive - Facultad de Ingeniería UNAM\8 - Octavo Semestre\Computacion Grafica\Lab\Practicas\P3\P3\P03-421039953.cpp(27,36): warning C4305: 'inicializando': truncamiento de 'double' a 'float'
C:\Users\axel2\OneDrive - Facultad de Ingeniería UNAM\8 - Octavo Semestre\Computacion Grafica\Lab\Practicas\P3\P3\P03-421039953.cpp(194,16): warning C4018: '<': no coinciden signed/unsigned
C:\Users\axel2\OneDrive - Facultad de Ingeniería UNAM\8 - Octavo Semestre\Computacion Grafica\Lab\Practicas\P3\P3\P03-421039953.cpp(236,32): warning C4244: 'argumento': conversión de 'double' a '_Ty'; posible pérdida de datos
C:\Users\axel2\OneDrive - Facultad de Ingeniería UNAM\8 - Octavo Semestre\Computacion Grafica\Lab\Practicas\P3\P3\P03-421039953.cpp(236,32): warning C4244:         with
C:\Users\axel2\OneDrive - Facultad de Ingeniería UNAM\8 - Octavo Semestre\Computacion Grafica\Lab\Practicas\P3\P3\P03-421039953.cpp(236,32): warning C4244:         [
C:\Users\axel2\OneDrive - Facultad de Ingeniería UNAM\8 - Octavo Semestre\Computacion Grafica\Lab\Practicas\P3\P3\P03-421039953.cpp(236,32): warning C4244:             _Ty=GLfloat
C:\Users\axel2\OneDrive - Facultad de Ingeniería UNAM\8 - Octavo Semestre\Computacion Grafica\Lab\Practicas\P3\P3\P03-421039953.cpp(236,32): warning C4244:         ]
C:\Users\axel2\OneDrive - Facultad de Ingeniería UNAM\8 - Octavo Semestre\Computacion Grafica\Lab\Practicas\P3\P3\P03-421039953.cpp(238,32): warning C4244: 'argumento': conversión de 'double' a '_Ty'; posible pérdida de datos
C:\Users\axel2\OneDrive - Facultad de Ingeniería UNAM\8 - Octavo Semestre\Computacion Grafica\Lab\Practicas\P3\P3\P03-421039953.cpp(238,32): warning C4244:         with
C:\Users\axel2\OneDrive - Facultad de Ingeniería UNAM\8 - Octavo Semestre\Computacion Grafica\Lab\Practicas\P3\P3\P03-421039953.cpp(238,32): warning C4244:         [
C:\Users\axel2\OneDrive - Facultad de Ingeniería UNAM\8 - Octavo Semestre\Computacion Grafica\Lab\Practicas\P3\P3\P03-421039953.cpp(238,32): warning C4244:             _Ty=GLfloat
C:\Users\axel2\OneDrive - Facultad de Ingeniería UNAM\8 - Octavo Semestre\Computacion Grafica\Lab\Practicas\P3\P3\P03-421039953.cpp(238,32): warning C4244:         ]
C:\Users\axel2\OneDrive - Facultad de Ingeniería UNAM\8 - Octavo Semestre\Computacion Grafica\Lab\Practicas\P3\P3\P03-421039953.cpp(334,15): warning C4244: 'inicializando': conversión de 'double' a 'GLfloat'; posible pérdida de datos
C:\Users\axel2\OneDrive - Facultad de Ingeniería UNAM\8 - Octavo Semestre\Computacion Grafica\Lab\Practicas\P3\P3\P03-421039953.cpp(336,33): warning C4244: '+=': conversión de 'double' a 'GLfloat'; posible pérdida de datos
LINK : warning LNK4098: la biblioteca predeterminada'MSVCRT' entra en conflicto con otras bibliotecas; use la biblioteca /NODEFAULTLIB:biblioteca
  P3.vcxproj -> C:\Users\axel2\OneDrive - Facultad de Ingeniería UNAM\8 - Octavo Semestre\Computacion Grafica\Lab\Practicas\P3\Debug\P3.exe
